<?xml version="1.0" encoding="UTF-8"?>
<!-- Generated by org.testng.reporters.JUnitReportReporter -->
<testsuite hostname="TechAviator-PC" name="Scenario_Component.Scenario_Cart" tests="1" failures="0" timestamp="10 Jun 2017 07:36:34 GMT" time="48.765" errors="0">
  <testcase name="testAddCart" time="48.765" classname="Scenario_Component.Scenario_Cart"/>
</testsuite> <!-- Scenario_Component.Scenario_Cart -->
